[debug] [2021-04-30T13:30:32.145Z] ----------------------------------------------------------------------
[debug] [2021-04-30T13:30:32.149Z] Command:       C:\Program Files\nodejs\node.exe C:\Users\sanjay patel\AppData\Roaming\npm\node_modules\firebase-tools\lib\bin\firebase.js init
[debug] [2021-04-30T13:30:32.149Z] CLI Version:   9.10.0
[debug] [2021-04-30T13:30:32.149Z] Platform:      win32
[debug] [2021-04-30T13:30:32.150Z] Node Version:  v14.16.1
[debug] [2021-04-30T13:30:32.152Z] Time:          Fri Apr 30 2021 19:00:32 GMT+0530 (India Standard Time)
[debug] [2021-04-30T13:30:32.152Z] ----------------------------------------------------------------------
[debug] 
[debug] [2021-04-30T13:30:32.165Z] > command requires scopes: ["email","openid","https://www.googleapis.com/auth/cloudplatformprojects.readonly","https://www.googleapis.com/auth/firebase","https://www.googleapis.com/auth/cloud-platform"]
[debug] [2021-04-30T13:30:32.166Z] > authorizing via signed-in user (mayankchotaliya2001@gmail.com)
[info] 
     ######## #### ########  ######## ########     ###     ######  ########
     ##        ##  ##     ## ##       ##     ##  ##   ##  ##       ##
     ######    ##  ########  ######   ########  #########  ######  ######
     ##        ##  ##    ##  ##       ##     ## ##     ##       ## ##
     ##       #### ##     ## ######## ########  ##     ##  ######  ########

You're about to initialize a Firebase project in this directory:

  D:\BootStrap5

[info] 
=== Project Setup
[info] 
[info] First, let's associate this project directory with a Firebase project.
[info] You can create multiple project aliases by running firebase use --add, 
[info] but for now we'll just set up a default project.
[info] 
[debug] [2021-04-30T13:31:05.862Z] >>> [apiv2][query] GET https://firebase.googleapis.com/v1beta1/projects pageSize=100
[debug] [2021-04-30T13:31:07.084Z] <<< [apiv2][status] GET https://firebase.googleapis.com/v1beta1/projects 200
[debug] [2021-04-30T13:31:07.085Z] <<< [apiv2][body] GET https://firebase.googleapis.com/v1beta1/projects [omitted]
[info] i  Don't want to scroll through all your projects? If you know your project ID, you can initialize it directly using firebase init --project <project_id>.
 
[info] i  Using project website-ed8ca (Website) 
[info] 
=== Hosting Setup
[info] 
[info] Your public directory is the folder (relative to your project directory) that
[info] will contain Hosting assets to be uploaded with firebase deploy. If you
[info] have a build process for your assets, use your build's output directory.
[info] 
[info] +  Wrote public/404.html 
[debug] [2021-04-30T13:33:10.201Z] >>> [apiv2][query] GET https://www.gstatic.com/firebasejs/releases.json [none]
[debug] [2021-04-30T13:33:14.317Z] <<< [apiv2][status] GET https://www.gstatic.com/firebasejs/releases.json 200
[debug] [2021-04-30T13:33:14.318Z] <<< [apiv2][body] GET https://www.gstatic.com/firebasejs/releases.json {"current":{"version":"8.4.3","browserURL":"https://www.gstatic.com/firebasejs/8.4.3/firebase.js","packageURL":"https://www.gstatic.com/firebasejs/8.4.3/firebase.tgz"},"live":{"version":"8.4","browserURL":"https://www.gstatic.com/firebasejs/live/8.4/firebase.js","packageURL":"https://www.gstatic.com/firebasejs/live/8.4/firebase.tgz"},"components":{"analytics":"https://www.gstatic.com/firebasejs/8.4.3/firebase-analytics.js","app":"https://www.gstatic.com/firebasejs/8.4.3/firebase-app.js","auth":"https://www.gstatic.com/firebasejs/8.4.3/firebase-auth.js","database":"https://www.gstatic.com/firebasejs/8.4.3/firebase-database.js","firestore":"https://www.gstatic.com/firebasejs/8.4.3/firebase-firestore.js","functions":"https://www.gstatic.com/firebasejs/8.4.3/firebase-functions.js","installations":"https://www.gstatic.com/firebasejs/8.4.3/firebase-installations.js","messaging":"https://www.gstatic.com/firebasejs/8.4.3/firebase-messaging.js","storage":"https://www.gstatic.com/firebasejs/8.4.3/firebase-storage.js","performance":"https://www.gstatic.com/firebasejs/8.4.3/firebase-performance.js","remote-config":"https://www.gstatic.com/firebasejs/8.4.3/firebase-remote-config.js","firestore.memory":"https://www.gstatic.com/firebasejs/8.4.3/firebase-firestore.memory.js"}}
[info] i  Skipping write of public/index.html 
[info] 
[info] i  Writing configuration info to firebase.json... 
[info] i  Writing project information to .firebaserc... 
[info] i  Writing gitignore file to .gitignore... 
[info] 
[info] +  Firebase initialization complete! 
